c:\users\ксения\documents\универ дз\3 сем\algoritmi\lab3\aisd_3\aisd_3\aisd_3\debug\aisd_3.pdb
c:\users\ксения\documents\универ дз\3 сем\algoritmi\lab3\aisd_3\aisd_3\aisd_3\debug\aisd_3.idb
c:\users\ксения\documents\универ дз\3 сем\algoritmi\lab3\aisd_3\aisd_3\aisd_3\debug\binaryheap.obj
c:\users\ксения\documents\универ дз\3 сем\algoritmi\lab3\aisd_3\aisd_3\aisd_3\debug\aisd_3.obj
c:\users\ксения\documents\универ дз\3 сем\algoritmi\lab3\aisd_3\aisd_3\aisd_3\debug\vc142.pdb
c:\users\ксения\documents\универ дз\3 сем\algoritmi\lab3\aisd_3\aisd_3\aisd_3\debug\vc142.idb
c:\users\ксения\documents\универ дз\3 сем\algoritmi\lab3\aisd_3\aisd_3\aisd_3\debug\duallist.obj
c:\users\ксения\documents\универ дз\3 сем\algoritmi\lab3\aisd_3\aisd_3\debug\aisd_3.lib
c:\users\ксения\documents\универ дз\3 сем\algoritmi\lab3\aisd_3\aisd_3\debug\aisd_3.exe
c:\users\ксения\documents\универ дз\3 сем\algoritmi\lab3\aisd_3\aisd_3\debug\aisd_3.ilk
c:\users\ксения\documents\универ дз\3 сем\algoritmi\lab3\aisd_3\aisd_3\debug\aisd_3.pdb
c:\users\ксения\documents\универ дз\3 сем\algoritmi\lab3\aisd_3\aisd_3\aisd_3\debug\aisd_3.tlog\aisd_3.write.1u.tlog
c:\users\ксения\documents\универ дз\3 сем\algoritmi\lab3\aisd_3\aisd_3\aisd_3\debug\aisd_3.tlog\cl.command.1.tlog
c:\users\ксения\documents\универ дз\3 сем\algoritmi\lab3\aisd_3\aisd_3\aisd_3\debug\aisd_3.tlog\cl.read.1.tlog
c:\users\ксения\documents\универ дз\3 сем\algoritmi\lab3\aisd_3\aisd_3\aisd_3\debug\aisd_3.tlog\cl.write.1.tlog
c:\users\ксения\documents\универ дз\3 сем\algoritmi\lab3\aisd_3\aisd_3\aisd_3\debug\aisd_3.tlog\lib-link.read.1.tlog
c:\users\ксения\documents\универ дз\3 сем\algoritmi\lab3\aisd_3\aisd_3\aisd_3\debug\aisd_3.tlog\lib-link.write.1.tlog
c:\users\ксения\documents\универ дз\3 сем\algoritmi\lab3\aisd_3\aisd_3\aisd_3\debug\aisd_3.tlog\lib.command.1.tlog
c:\users\ксения\documents\универ дз\3 сем\algoritmi\lab3\aisd_3\aisd_3\aisd_3\debug\aisd_3.tlog\link.10816.delete.1.tlog
c:\users\ксения\documents\универ дз\3 сем\algoritmi\lab3\aisd_3\aisd_3\aisd_3\debug\aisd_3.tlog\link.11192.delete.1.tlog
c:\users\ксения\documents\универ дз\3 сем\algoritmi\lab3\aisd_3\aisd_3\aisd_3\debug\aisd_3.tlog\link.11368.delete.1.tlog
c:\users\ксения\documents\универ дз\3 сем\algoritmi\lab3\aisd_3\aisd_3\aisd_3\debug\aisd_3.tlog\link.11544.delete.1.tlog
c:\users\ксения\documents\универ дз\3 сем\algoritmi\lab3\aisd_3\aisd_3\aisd_3\debug\aisd_3.tlog\link.12420.delete.1.tlog
c:\users\ксения\documents\универ дз\3 сем\algoritmi\lab3\aisd_3\aisd_3\aisd_3\debug\aisd_3.tlog\link.13052.delete.1.tlog
c:\users\ксения\documents\универ дз\3 сем\algoritmi\lab3\aisd_3\aisd_3\aisd_3\debug\aisd_3.tlog\link.13388.delete.1.tlog
c:\users\ксения\documents\универ дз\3 сем\algoritmi\lab3\aisd_3\aisd_3\aisd_3\debug\aisd_3.tlog\link.13844.delete.1.tlog
c:\users\ксения\documents\универ дз\3 сем\algoritmi\lab3\aisd_3\aisd_3\aisd_3\debug\aisd_3.tlog\link.14916.delete.1.tlog
c:\users\ксения\documents\универ дз\3 сем\algoritmi\lab3\aisd_3\aisd_3\aisd_3\debug\aisd_3.tlog\link.15220.delete.1.tlog
c:\users\ксения\documents\универ дз\3 сем\algoritmi\lab3\aisd_3\aisd_3\aisd_3\debug\aisd_3.tlog\link.15748.delete.1.tlog
c:\users\ксения\documents\универ дз\3 сем\algoritmi\lab3\aisd_3\aisd_3\aisd_3\debug\aisd_3.tlog\link.17156.delete.1.tlog
c:\users\ксения\documents\универ дз\3 сем\algoritmi\lab3\aisd_3\aisd_3\aisd_3\debug\aisd_3.tlog\link.18224.delete.1.tlog
c:\users\ксения\documents\универ дз\3 сем\algoritmi\lab3\aisd_3\aisd_3\aisd_3\debug\aisd_3.tlog\link.18396.delete.1.tlog
c:\users\ксения\documents\универ дз\3 сем\algoritmi\lab3\aisd_3\aisd_3\aisd_3\debug\aisd_3.tlog\link.18784.delete.1.tlog
c:\users\ксения\documents\универ дз\3 сем\algoritmi\lab3\aisd_3\aisd_3\aisd_3\debug\aisd_3.tlog\link.19044.delete.1.tlog
c:\users\ксения\documents\универ дз\3 сем\algoritmi\lab3\aisd_3\aisd_3\aisd_3\debug\aisd_3.tlog\link.19752.delete.1.tlog
c:\users\ксения\documents\универ дз\3 сем\algoritmi\lab3\aisd_3\aisd_3\aisd_3\debug\aisd_3.tlog\link.20968.delete.1.tlog
c:\users\ксения\documents\универ дз\3 сем\algoritmi\lab3\aisd_3\aisd_3\aisd_3\debug\aisd_3.tlog\link.21332.delete.1.tlog
c:\users\ксения\documents\универ дз\3 сем\algoritmi\lab3\aisd_3\aisd_3\aisd_3\debug\aisd_3.tlog\link.2752.delete.1.tlog
c:\users\ксения\documents\универ дз\3 сем\algoritmi\lab3\aisd_3\aisd_3\aisd_3\debug\aisd_3.tlog\link.3732.delete.1.tlog
c:\users\ксения\documents\универ дз\3 сем\algoritmi\lab3\aisd_3\aisd_3\aisd_3\debug\aisd_3.tlog\link.396.delete.1.tlog
c:\users\ксения\documents\универ дз\3 сем\algoritmi\lab3\aisd_3\aisd_3\aisd_3\debug\aisd_3.tlog\link.4068.delete.1.tlog
c:\users\ксения\documents\универ дз\3 сем\algoritmi\lab3\aisd_3\aisd_3\aisd_3\debug\aisd_3.tlog\link.4616.delete.1.tlog
c:\users\ксения\documents\универ дз\3 сем\algoritmi\lab3\aisd_3\aisd_3\aisd_3\debug\aisd_3.tlog\link.504.delete.1.tlog
c:\users\ксения\documents\универ дз\3 сем\algoritmi\lab3\aisd_3\aisd_3\aisd_3\debug\aisd_3.tlog\link.5388.delete.1.tlog
c:\users\ксения\documents\универ дз\3 сем\algoritmi\lab3\aisd_3\aisd_3\aisd_3\debug\aisd_3.tlog\link.5456.delete.1.tlog
c:\users\ксения\documents\универ дз\3 сем\algoritmi\lab3\aisd_3\aisd_3\aisd_3\debug\aisd_3.tlog\link.command.1.tlog
c:\users\ксения\documents\универ дз\3 сем\algoritmi\lab3\aisd_3\aisd_3\aisd_3\debug\aisd_3.tlog\link.delete.1.tlog
c:\users\ксения\documents\универ дз\3 сем\algoritmi\lab3\aisd_3\aisd_3\aisd_3\debug\aisd_3.tlog\link.read.1.tlog
c:\users\ксения\documents\универ дз\3 сем\algoritmi\lab3\aisd_3\aisd_3\aisd_3\debug\aisd_3.tlog\link.write.1.tlog
